[2024-04-18T07:23:07.539+0000] {taskinstance.py:1165} INFO - Dependencies all met for <TaskInstance: twitter_sentiment_analysis.load_data manual__2024-04-18T07:23:05.172548+00:00 [queued]>
[2024-04-18T07:23:07.564+0000] {taskinstance.py:1165} INFO - Dependencies all met for <TaskInstance: twitter_sentiment_analysis.load_data manual__2024-04-18T07:23:05.172548+00:00 [queued]>
[2024-04-18T07:23:07.565+0000] {taskinstance.py:1362} INFO - 
--------------------------------------------------------------------------------
[2024-04-18T07:23:07.566+0000] {taskinstance.py:1363} INFO - Starting attempt 1 of 1
[2024-04-18T07:23:07.567+0000] {taskinstance.py:1364} INFO - 
--------------------------------------------------------------------------------
[2024-04-18T07:23:07.588+0000] {taskinstance.py:1383} INFO - Executing <Task(PythonOperator): load_data> on 2024-04-18 07:23:05.172548+00:00
[2024-04-18T07:23:07.598+0000] {standard_task_runner.py:55} INFO - Started process 3931 to run task
[2024-04-18T07:23:07.602+0000] {standard_task_runner.py:82} INFO - Running: ['***', 'tasks', 'run', 'twitter_sentiment_analysis', 'load_data', 'manual__2024-04-18T07:23:05.172548+00:00', '--job-id', '3', '--raw', '--subdir', 'DAGS_FOLDER/SentimentAnalysis.py', '--cfg-path', '/tmp/tmp28y78d0u']
[2024-04-18T07:23:07.607+0000] {standard_task_runner.py:83} INFO - Job 3: Subtask load_data
[2024-04-18T07:23:07.722+0000] {task_command.py:376} INFO - Running <TaskInstance: twitter_sentiment_analysis.load_data manual__2024-04-18T07:23:05.172548+00:00 [running]> on host e23f925acc89
[2024-04-18T07:23:07.851+0000] {taskinstance.py:1592} INFO - Exporting the following env vars:
AIRFLOW_CTX_DAG_OWNER=***
AIRFLOW_CTX_DAG_ID=twitter_sentiment_analysis
AIRFLOW_CTX_TASK_ID=load_data
AIRFLOW_CTX_EXECUTION_DATE=2024-04-18T07:23:05.172548+00:00
AIRFLOW_CTX_TRY_NUMBER=1
AIRFLOW_CTX_DAG_RUN_ID=manual__2024-04-18T07:23:05.172548+00:00
[2024-04-18T07:23:07.856+0000] {python.py:177} INFO - Done. Returned value was: None
[2024-04-18T07:23:07.868+0000] {taskinstance.py:1406} INFO - Marking task as SUCCESS. dag_id=twitter_sentiment_analysis, task_id=load_data, execution_date=20240418T072305, start_date=20240418T072307, end_date=20240418T072307
[2024-04-18T07:23:07.899+0000] {local_task_job.py:164} INFO - Task exited with return code 0
[2024-04-18T07:23:07.937+0000] {local_task_job.py:273} INFO - 1 downstream tasks scheduled from follow-on schedule check
