[2024-04-19T08:27:36.531+0000] {taskinstance.py:1165} INFO - Dependencies all met for <TaskInstance: twitter_sentiment_analysis.load_data scheduled__2024-04-18T00:00:00+00:00 [queued]>
[2024-04-19T08:27:36.563+0000] {taskinstance.py:1165} INFO - Dependencies all met for <TaskInstance: twitter_sentiment_analysis.load_data scheduled__2024-04-18T00:00:00+00:00 [queued]>
[2024-04-19T08:27:36.563+0000] {taskinstance.py:1362} INFO - 
--------------------------------------------------------------------------------
[2024-04-19T08:27:36.564+0000] {taskinstance.py:1363} INFO - Starting attempt 1 of 1
[2024-04-19T08:27:36.565+0000] {taskinstance.py:1364} INFO - 
--------------------------------------------------------------------------------
[2024-04-19T08:27:36.592+0000] {taskinstance.py:1383} INFO - Executing <Task(PythonOperator): load_data> on 2024-04-18 00:00:00+00:00
[2024-04-19T08:27:36.601+0000] {standard_task_runner.py:55} INFO - Started process 86 to run task
[2024-04-19T08:27:36.607+0000] {standard_task_runner.py:82} INFO - Running: ['***', 'tasks', 'run', 'twitter_sentiment_analysis', 'load_data', 'scheduled__2024-04-18T00:00:00+00:00', '--job-id', '7', '--raw', '--subdir', 'DAGS_FOLDER/SentimentAnalysis.py', '--cfg-path', '/tmp/tmp_0xkje8o']
[2024-04-19T08:27:36.611+0000] {standard_task_runner.py:83} INFO - Job 7: Subtask load_data
[2024-04-19T08:27:36.744+0000] {task_command.py:376} INFO - Running <TaskInstance: twitter_sentiment_analysis.load_data scheduled__2024-04-18T00:00:00+00:00 [running]> on host e23f925acc89
[2024-04-19T08:27:36.900+0000] {taskinstance.py:1592} INFO - Exporting the following env vars:
AIRFLOW_CTX_DAG_OWNER=***
AIRFLOW_CTX_DAG_ID=twitter_sentiment_analysis
AIRFLOW_CTX_TASK_ID=load_data
AIRFLOW_CTX_EXECUTION_DATE=2024-04-18T00:00:00+00:00
AIRFLOW_CTX_TRY_NUMBER=1
AIRFLOW_CTX_DAG_RUN_ID=scheduled__2024-04-18T00:00:00+00:00
[2024-04-19T08:27:36.902+0000] {python.py:177} INFO - Done. Returned value was: None
[2024-04-19T08:27:36.917+0000] {taskinstance.py:1406} INFO - Marking task as SUCCESS. dag_id=twitter_sentiment_analysis, task_id=load_data, execution_date=20240418T000000, start_date=20240419T082736, end_date=20240419T082736
[2024-04-19T08:27:36.987+0000] {local_task_job.py:164} INFO - Task exited with return code 0
[2024-04-19T08:27:37.043+0000] {local_task_job.py:273} INFO - 1 downstream tasks scheduled from follow-on schedule check
